<?xml version="1.0" encoding="UTF-8"?>
<!-- Generated by org.testng.reporters.JUnitReportReporter -->
<testsuite hostname="LAPTOP-E9IFTJVR" failures="0" tests="1" name="shopcluesproject.Shopcluestest" time="19.943" errors="0" timestamp="2024-01-22T16:48:46 IST" skipped="0">
  <testcase classname="shopcluesproject.Shopcluestest" name="test" time="19.943"/>
</testsuite> <!-- shopcluesproject.Shopcluestest -->
