<?xml version="1.0" encoding="UTF-8"?>
<!-- Generated by org.testng.reporters.JUnitReportReporter -->
<testsuite hostname="LAPTOP-E9IFTJVR" failures="0" tests="1" name="saucedemotest.Saucedemotest" time="3.513" errors="0" timestamp="2023-12-04T11:58:21 IST" skipped="0">
  <testcase classname="saucedemotest.Saucedemotest" name="test" time="3.513"/>
</testsuite> <!-- saucedemotest.Saucedemotest -->
