<?xml version="1.0" encoding="UTF-8"?>
<!-- Generated by org.testng.reporters.JUnitReportReporter -->
<testsuite hostname="LAPTOP-E9IFTJVR" failures="0" tests="1" name="augustt.Automationtest" time="14.771" errors="0" timestamp="2023-12-01T12:46:59 IST" skipped="0">
  <testcase classname="augustt.Automationtest" name="test" time="14.771"/>
</testsuite> <!-- augustt.Automationtest -->
